[debug] [2021-10-01T08:36:50.819Z] ----------------------------------------------------------------------
[debug] [2021-10-01T08:36:50.821Z] Command:       C:\Program Files\nodejs\node.exe C:\Users\Rishi Raj G\AppData\Roaming\npm\node_modules\firebase-tools\lib\bin\firebase.js deploy
[debug] [2021-10-01T08:36:50.822Z] CLI Version:   9.18.0
[debug] [2021-10-01T08:36:50.822Z] Platform:      win32
[debug] [2021-10-01T08:36:50.822Z] Node Version:  v14.17.0
[debug] [2021-10-01T08:36:50.823Z] Time:          Fri Oct 01 2021 14:06:50 GMT+0530 (India Standard Time)
[debug] [2021-10-01T08:36:50.823Z] ----------------------------------------------------------------------
[debug] 
[debug] [2021-10-01T08:36:50.827Z] >>> [apiv2][query] GET https://firebase-public.firebaseio.com/cli.json [none]
[debug] [2021-10-01T08:36:50.923Z] > command requires scopes: ["email","openid","https://www.googleapis.com/auth/cloudplatformprojects.readonly","https://www.googleapis.com/auth/firebase","https://www.googleapis.com/auth/cloud-platform"]
[debug] [2021-10-01T08:36:50.923Z] > authorizing via signed-in user (rishiraj.g.2018.it@rajalakshmi.edu.in)
[debug] [2021-10-01T08:36:50.923Z] [iam] checking project counselling-4c1b6 for permissions ["firebase.projects.get","firebasehosting.sites.update"]
[debug] [2021-10-01T08:36:50.925Z] > refreshing access token with scopes: ["email","https://www.googleapis.com/auth/cloud-platform","https://www.googleapis.com/auth/cloudplatformprojects.readonly","https://www.googleapis.com/auth/firebase","openid"]
[debug] [2021-10-01T08:36:50.925Z] >>> HTTP REQUEST POST https://www.googleapis.com/oauth2/v3/token  
 <request body omitted>
[debug] [2021-10-01T08:36:50.937Z] [iam] error while checking permissions, command may fail: FirebaseError: Authentication Error: Your credentials are no longer valid. Please run firebase login --reauth

For CI servers and headless environments, generate a new token with firebase login:ci
[debug] [2021-10-01T08:36:50.937Z] > refreshing access token with scopes: []
[debug] [2021-10-01T08:36:50.938Z] >>> HTTP REQUEST POST https://www.googleapis.com/oauth2/v3/token  
 <request body omitted>
[debug] [2021-10-01T08:36:50.941Z] Authentication Error: Your credentials are no longer valid. Please run firebase login --reauth

For CI servers and headless environments, generate a new token with firebase login:ci
[debug] [2021-10-01T08:36:50.942Z] FirebaseError: Authentication Error: Your credentials are no longer valid. Please run firebase login --reauth

For CI servers and headless environments, generate a new token with firebase login:ci
    at invalidCredentialError (C:\Users\Rishi Raj G\AppData\Roaming\npm\node_modules\firebase-tools\lib\auth.js:141:12)
    at refreshTokens (C:\Users\Rishi Raj G\AppData\Roaming\npm\node_modules\firebase-tools\lib\auth.js:448:15)
    at processTicksAndRejections (internal/process/task_queues.js:95:5)
    at async Client.getAccessToken (C:\Users\Rishi Raj G\AppData\Roaming\npm\node_modules\firebase-tools\lib\apiv2.js:144:23)
    at async Client.addAuthHeader (C:\Users\Rishi Raj G\AppData\Roaming\npm\node_modules\firebase-tools\lib\apiv2.js:135:21)
    at async Client.request (C:\Users\Rishi Raj G\AppData\Roaming\npm\node_modules\firebase-tools\lib\apiv2.js:93:34)
    at async Object.getFirebaseProject (C:\Users\Rishi Raj G\AppData\Roaming\npm\node_modules\firebase-tools\lib\management\projects.js:290:21)
    at async Object.getDefaultHostingSite (C:\Users\Rishi Raj G\AppData\Roaming\npm\node_modules\firebase-tools\lib\getDefaultHostingSite.js:8:21)
    at async requireHostingSite (C:\Users\Rishi Raj G\AppData\Roaming\npm\node_modules\firebase-tools\lib\requireHostingSite.js:9:18)
    at async Object.fn (C:\Users\Rishi Raj G\AppData\Roaming\npm\node_modules\firebase-tools\lib\commands\deploy.js:65:9)
    at async C:\Users\Rishi Raj G\AppData\Roaming\npm\node_modules\firebase-tools\lib\command.js:188:17
[error] 
[error] Error: Failed to get Firebase project counselling-4c1b6. Please make sure the project exists and your account has permission to access it.
[debug] [2021-10-01T08:37:15.456Z] ----------------------------------------------------------------------
[debug] [2021-10-01T08:37:15.458Z] Command:       C:\Program Files\nodejs\node.exe C:\Users\Rishi Raj G\AppData\Roaming\npm\node_modules\firebase-tools\lib\bin\firebase.js init
[debug] [2021-10-01T08:37:15.459Z] CLI Version:   9.18.0
[debug] [2021-10-01T08:37:15.459Z] Platform:      win32
[debug] [2021-10-01T08:37:15.459Z] Node Version:  v14.17.0
[debug] [2021-10-01T08:37:15.460Z] Time:          Fri Oct 01 2021 14:07:15 GMT+0530 (India Standard Time)
[debug] [2021-10-01T08:37:15.460Z] ----------------------------------------------------------------------
[debug] 
[debug] [2021-10-01T08:37:15.462Z] >>> [apiv2][query] GET https://firebase-public.firebaseio.com/cli.json [none]
[debug] [2021-10-01T08:37:15.552Z] > command requires scopes: ["email","openid","https://www.googleapis.com/auth/cloudplatformprojects.readonly","https://www.googleapis.com/auth/firebase","https://www.googleapis.com/auth/cloud-platform"]
[debug] [2021-10-01T08:37:15.552Z] > authorizing via signed-in user (rishiraj.g.2018.it@rajalakshmi.edu.in)
[info] 
     ######## #### ########  ######## ########     ###     ######  ########
     ##        ##  ##     ## ##       ##     ##  ##   ##  ##       ##
     ######    ##  ########  ######   ########  #########  ######  ######
     ##        ##  ##    ##  ##       ##     ## ##     ##       ## ##
     ##       #### ##     ## ######## ########  ##     ##  ######  ########

You're about to initialize a Firebase project in this directory:

  G:\Reactjs\Rec-Counselling\counselling

Before we get started, keep in mind:

  * You are initializing within an existing Firebase project directory

[debug] [2021-10-01T08:38:39.771Z] ----------------------------------------------------------------------
[debug] [2021-10-01T08:38:39.774Z] Command:       C:\Program Files\nodejs\node.exe C:\Users\Rishi Raj G\AppData\Roaming\npm\node_modules\firebase-tools\lib\bin\firebase.js deploy
[debug] [2021-10-01T08:38:39.775Z] CLI Version:   9.18.0
[debug] [2021-10-01T08:38:39.775Z] Platform:      win32
[debug] [2021-10-01T08:38:39.775Z] Node Version:  v14.17.0
[debug] [2021-10-01T08:38:39.776Z] Time:          Fri Oct 01 2021 14:08:39 GMT+0530 (India Standard Time)
[debug] [2021-10-01T08:38:39.776Z] ----------------------------------------------------------------------
[debug] 
[debug] [2021-10-01T08:38:39.778Z] >>> [apiv2][query] GET https://firebase-public.firebaseio.com/cli.json [none]
[debug] [2021-10-01T08:38:39.878Z] > command requires scopes: ["email","openid","https://www.googleapis.com/auth/cloudplatformprojects.readonly","https://www.googleapis.com/auth/firebase","https://www.googleapis.com/auth/cloud-platform"]
[debug] [2021-10-01T08:38:39.878Z] > authorizing via signed-in user (rishiraj.g.2018.it@rajalakshmi.edu.in)
[debug] [2021-10-01T08:38:39.878Z] [iam] checking project counselling-4c1b6 for permissions ["firebase.projects.get","firebasehosting.sites.update"]
[debug] [2021-10-01T08:38:39.880Z] > refreshing access token with scopes: ["email","https://www.googleapis.com/auth/cloud-platform","https://www.googleapis.com/auth/cloudplatformprojects.readonly","https://www.googleapis.com/auth/firebase","openid"]
[debug] [2021-10-01T08:38:39.880Z] >>> HTTP REQUEST POST https://www.googleapis.com/oauth2/v3/token  
 <request body omitted>
[debug] [2021-10-01T08:38:40.275Z] <<< HTTP RESPONSE 200 {"pragma":"no-cache","date":"Fri, 01 Oct 2021 08:38:38 GMT","expires":"Mon, 01 Jan 1990 00:00:00 GMT","cache-control":"no-cache, no-store, max-age=0, must-revalidate","content-type":"application/json; charset=utf-8","vary":"X-Origin, Referer, Origin,Accept-Encoding","server":"scaffolding on HTTPServer2","x-xss-protection":"0","x-frame-options":"SAMEORIGIN","x-content-type-options":"nosniff","alt-svc":"h3=\":443\"; ma=2592000,h3-29=\":443\"; ma=2592000,h3-T051=\":443\"; ma=2592000,h3-Q050=\":443\"; ma=2592000,h3-Q046=\":443\"; ma=2592000,h3-Q043=\":443\"; ma=2592000,quic=\":443\"; ma=2592000; v=\"46,43\"","accept-ranges":"none","transfer-encoding":"chunked"}
[debug] [2021-10-01T08:38:40.302Z] >>> HTTP REQUEST POST https://cloudresourcemanager.googleapis.com/v1/projects/counselling-4c1b6:testIamPermissions  
 {"permissions":["firebase.projects.get","firebasehosting.sites.update"]}
[debug] [2021-10-01T08:38:41.203Z] <<< [apiv2][status] GET https://firebase-public.firebaseio.com/cli.json 200
[debug] [2021-10-01T08:38:41.204Z] <<< [apiv2][body] GET https://firebase-public.firebaseio.com/cli.json {"cloudBuildErrorAfter":1594252800000,"cloudBuildWarnAfter":1590019200000,"defaultNode10After":1594252800000,"minVersion":"3.0.5","node8DeploysDisabledAfter":1613390400000,"node8RuntimeDisabledAfter":1615809600000,"node8WarnAfter":1600128000000}
[debug] [2021-10-01T08:38:42.177Z] <<< HTTP RESPONSE 200 {"content-type":"application/json; charset=UTF-8","vary":"X-Origin, Referer, Origin,Accept-Encoding","date":"Fri, 01 Oct 2021 08:38:40 GMT","server":"ESF","cache-control":"private","x-xss-protection":"0","x-frame-options":"SAMEORIGIN","x-content-type-options":"nosniff","server-timing":"gfet4t7; dur=1177","alt-svc":"h3=\":443\"; ma=2592000,h3-29=\":443\"; ma=2592000,h3-T051=\":443\"; ma=2592000,h3-Q050=\":443\"; ma=2592000,h3-Q046=\":443\"; ma=2592000,h3-Q043=\":443\"; ma=2592000,quic=\":443\"; ma=2592000; v=\"46,43\"","accept-ranges":"none","transfer-encoding":"chunked"}
[debug] [2021-10-01T08:38:42.181Z] > refreshing access token with scopes: []
[debug] [2021-10-01T08:38:42.182Z] >>> HTTP REQUEST POST https://www.googleapis.com/oauth2/v3/token  
 <request body omitted>
[debug] [2021-10-01T08:38:42.464Z] <<< HTTP RESPONSE 200 {"pragma":"no-cache","date":"Fri, 01 Oct 2021 08:38:41 GMT","expires":"Mon, 01 Jan 1990 00:00:00 GMT","cache-control":"no-cache, no-store, max-age=0, must-revalidate","content-type":"application/json; charset=utf-8","vary":"X-Origin, Referer, Origin,Accept-Encoding","server":"scaffolding on HTTPServer2","x-xss-protection":"0","x-frame-options":"SAMEORIGIN","x-content-type-options":"nosniff","alt-svc":"h3=\":443\"; ma=2592000,h3-29=\":443\"; ma=2592000,h3-T051=\":443\"; ma=2592000,h3-Q050=\":443\"; ma=2592000,h3-Q046=\":443\"; ma=2592000,h3-Q043=\":443\"; ma=2592000,quic=\":443\"; ma=2592000; v=\"46,43\"","accept-ranges":"none","transfer-encoding":"chunked"}
[debug] [2021-10-01T08:38:42.492Z] >>> [apiv2][query] GET https://firebase.googleapis.com/v1beta1/projects/counselling-4c1b6 [none]
[debug] [2021-10-01T08:38:43.465Z] <<< [apiv2][status] GET https://firebase.googleapis.com/v1beta1/projects/counselling-4c1b6 200
[debug] [2021-10-01T08:38:43.466Z] <<< [apiv2][body] GET https://firebase.googleapis.com/v1beta1/projects/counselling-4c1b6 {"projectId":"counselling-4c1b6","projectNumber":"91694702131","displayName":"counselling","name":"projects/counselling-4c1b6","resources":{"hostingSite":"counselling-4c1b6","realtimeDatabaseInstance":"counselling-4c1b6-default-rtdb"},"state":"ACTIVE"}
[info] 
[info] === Deploying to 'counselling-4c1b6'...
[info] 
[info] i  deploying hosting 
[debug] [2021-10-01T08:38:43.485Z] > refreshing access token with scopes: ["email","https://www.googleapis.com/auth/cloud-platform","https://www.googleapis.com/auth/cloudplatformprojects.readonly","https://www.googleapis.com/auth/firebase","openid"]
[debug] [2021-10-01T08:38:43.485Z] >>> HTTP REQUEST POST https://www.googleapis.com/oauth2/v3/token  
 <request body omitted>
[debug] [2021-10-01T08:38:43.743Z] <<< HTTP RESPONSE 200 {"pragma":"no-cache","cache-control":"no-cache, no-store, max-age=0, must-revalidate","date":"Fri, 01 Oct 2021 08:38:42 GMT","expires":"Mon, 01 Jan 1990 00:00:00 GMT","content-type":"application/json; charset=utf-8","vary":"X-Origin, Referer, Origin,Accept-Encoding","server":"scaffolding on HTTPServer2","x-xss-protection":"0","x-frame-options":"SAMEORIGIN","x-content-type-options":"nosniff","alt-svc":"h3=\":443\"; ma=2592000,h3-29=\":443\"; ma=2592000,h3-T051=\":443\"; ma=2592000,h3-Q050=\":443\"; ma=2592000,h3-Q046=\":443\"; ma=2592000,h3-Q043=\":443\"; ma=2592000,quic=\":443\"; ma=2592000; v=\"46,43\"","accept-ranges":"none","transfer-encoding":"chunked"}
[debug] [2021-10-01T08:38:43.768Z] >>> HTTP REQUEST POST https://firebasehosting.googleapis.com/v1beta1/sites/counselling-4c1b6/versions  
 {"config":{"rewrites":[{"glob":"**","path":"/index.html"}]},"labels":{"deployment-tool":"cli-firebase"}}
[debug] [2021-10-01T08:38:45.813Z] <<< HTTP RESPONSE 200 {"content-type":"application/json; charset=UTF-8","vary":"X-Origin, Referer, Origin,Accept-Encoding","date":"Fri, 01 Oct 2021 08:38:44 GMT","server":"ESF","cache-control":"private","x-xss-protection":"0","x-frame-options":"SAMEORIGIN","x-content-type-options":"nosniff","alt-svc":"h3=\":443\"; ma=2592000,h3-29=\":443\"; ma=2592000,h3-T051=\":443\"; ma=2592000,h3-Q050=\":443\"; ma=2592000,h3-Q046=\":443\"; ma=2592000,h3-Q043=\":443\"; ma=2592000,quic=\":443\"; ma=2592000; v=\"46,43\"","accept-ranges":"none","transfer-encoding":"chunked"}
[info] i  hosting[counselling-4c1b6]: beginning deploy... 
[info] i  hosting[counselling-4c1b6]: found 13 files in build 
